app/build/outputs/mapping/release/mapping.txt
world.plus.manager.sns4.main.CommonFragment -> world.plus.manager.sns4.main.a:
    android.view.View mRootView -> a
    android.support.v4.app.FragmentActivity mActivity -> b
    com.google.analytics.tracking.android.EasyTracker mTracker -> c
    android.content.SharedPreferences mSharedPreference -> d
    void onCreate(android.os.Bundle) -> onCreate
world.plus.manager.sns4.main.MainActivity -> world.plus.manager.sns4.main.MainActivity:
    com.google.android.gms.common.api.GoogleApiClient mPlusClient -> a
    boolean mResolvingError -> b
    void onCreate(android.os.Bundle) -> onCreate
    void logInGooglePlus() -> a
    void showLoginDialog() -> c
    void logOutGooglePlus() -> b
    void onConnectionFailed(com.google.android.gms.common.ConnectionResult) -> onConnectionFailed
    void onConnected(android.os.Bundle) -> onConnected
    void onConnectionSuspended(int) -> onConnectionSuspended
    void onBackPressed() -> onBackPressed
    void onActivityResult(int,int,android.content.Intent) -> onActivityResult
    void initGooglePlus() -> d
    void showExitDialog() -> e
world.plus.manager.sns4.main.MainActivity$1 -> world.plus.manager.sns4.main.MainActivity$1:
    world.plus.manager.sns4.util.PopupDialog val$popup -> a
    world.plus.manager.sns4.main.MainActivity this$0 -> b
    void onClick(android.view.View) -> onClick
world.plus.manager.sns4.main.MainActivity$2 -> world.plus.manager.sns4.main.MainActivity$2:
    world.plus.manager.sns4.util.PopupDialog val$popup -> a
    world.plus.manager.sns4.main.MainActivity this$0 -> b
    void onClick(android.view.View) -> onClick
world.plus.manager.sns4.main.MyApplication -> world.plus.manager.sns4.main.MyApplication:
    void onCreate() -> onCreate
    void patchEOFException() -> a
    void initImageLoader(android.content.Context) -> a
world.plus.manager.sns4.main.SMConstants -> world.plus.manager.sns4.main.b:
    java.lang.String SELECTED_FOURSQUARE_VENU_NAME_TEXT -> a
    java.lang.String TWITTER_CONSUMER_KEY -> b
    java.lang.String TWITTER_CONSUMER_SECRET -> c
    java.lang.String INSTAGRAM_CLIENT_ID -> d
    java.lang.String INSTAGRAM_CLIENT_SECRET -> e
    java.lang.String INSTAGRAM_AUTH_URL_TOTAL -> f
    java.lang.String INSTAGRAM_TOKEN_URL_TOTAL -> g
    java.lang.String FOURSQUARE_CLIENT_ID -> h
    java.lang.String FOURSQUARE_CLIENT_SECRET -> i
    java.lang.String FOURSQUARE_AUTH_URL_TOTAL -> j
    java.lang.String FOURSQUARE_TOKEN_URL_TOTAL -> k
    java.lang.String APPNET_CLIENT_ID -> l
    java.lang.String APPNET_CLIENT_SECRET -> m
    java.lang.String APPNET_AUTH_URL_TOTAL -> n
    java.lang.String APPNET_TOKEN_URL_TOTAL -> o
    java.lang.String LINKEDIN_USER_TOKEN -> p
    java.lang.String LINKEDIN_USER_SECRET -> q
    java.lang.String LINKEDIN_API_KEY -> r
    java.lang.String LINKEDIN_SECRET_KEY -> s
    java.lang.String LINKEDIN_SCOPE -> t
    java.lang.String LINKEDIN_STATE -> u
    java.lang.String LINKEDIN_AUTH_URL_TOTAL -> v
    java.lang.String getSnsName(int) -> a
...
com.google.ads.AdSize -> com.google.ads.AdSize:
    com.google.android.gms.ads.AdSize c -> c
    int FULL_WIDTH -> FULL_WIDTH
    int AUTO_HEIGHT -> AUTO_HEIGHT
    int LANDSCAPE_AD_HEIGHT -> LANDSCAPE_AD_HEIGHT
    int PORTRAIT_AD_HEIGHT -> PORTRAIT_AD_HEIGHT
    int LARGE_AD_HEIGHT -> LARGE_AD_HEIGHT
    com.google.ads.AdSize SMART_BANNER -> SMART_BANNER
    com.google.ads.AdSize BANNER -> BANNER
    com.google.ads.AdSize IAB_MRECT -> IAB_MRECT
    com.google.ads.AdSize IAB_BANNER -> IAB_BANNER
    com.google.ads.AdSize IAB_LEADERBOARD -> IAB_LEADERBOARD
    com.google.ads.AdSize IAB_WIDE_SKYSCRAPER -> IAB_WIDE_SKYSCRAPER
    boolean equals(java.lang.Object) -> equals
    int hashCode() -> hashCode
    int getWidth() -> getWidth
    int getHeight() -> getHeight
    boolean isFullWidth() -> isFullWidth
    boolean isAutoHeight() -> isAutoHeight
    boolean isCustomAdSize() -> isCustomAdSize
    java.lang.String toString() -> toString
    int getWidthInPixels(android.content.Context) -> getWidthInPixels
    int getHeightInPixels(android.content.Context) -> getHeightInPixels
    boolean isSizeAppropriate(int,int) -> isSizeAppropriate
    com.google.ads.AdSize findBestSize(com.google.ads.AdSize[]) -> findBestSize
com.google.ads.mediation.EmptyNetworkExtras -> com.google.ads.mediation.EmptyNetworkExtras:
com.google.ads.mediation.MediationAdRequest -> com.google.ads.mediation.MediationAdRequest:
    java.util.Date d -> d
    com.google.ads.AdRequest$Gender e -> e
    java.util.Set f -> f
    boolean g -> g
    android.location.Location h -> h
    java.lang.Integer getAgeInYears() -> getAgeInYears
    java.util.Date getBirthday() -> getBirthday
    com.google.ads.AdRequest$Gender getGender() -> getGender
    java.util.Set getKeywords() -> getKeywords
    android.location.Location getLocation() -> getLocation
    boolean isTesting() -> isTesting
com.google.ads.mediation.MediationAdapter -> com.google.ads.mediation.MediationAdapter:
    void destroy() -> destroy
    java.lang.Class getAdditionalParametersType() -> getAdditionalParametersType
    java.lang.Class getServerParametersType() -> getServerParametersType
com.google.ads.mediation.MediationBannerAdapter -> com.google.ads.mediation.MediationBannerAdapter:
    void requestBannerAd(com.google.ads.mediation.MediationBannerListener,android.app.Activity,com.google.ads.mediation.MediationServerParameters,com.google.ads.AdSize,com.google.ads.mediation.MediationAdRequest,com.google.ads.mediation.NetworkExtras) -> requestBannerAd
    android.view.View getBannerView() -> getBannerView
com.google.ads.mediation.MediationBannerListener -> com.google.ads.mediation.MediationBannerListener:
    void onReceivedAd(com.google.ads.mediation.MediationBannerAdapter) -> onReceivedAd
    void onFailedToReceiveAd(com.google.ads.mediation.MediationBannerAdapter,com.google.ads.AdRequest$ErrorCode) -> onFailedToReceiveAd
    void onPresentScreen(com.google.ads.mediation.MediationBannerAdapter) -> onPresentScreen
    void onDismissScreen(com.google.ads.mediation.MediationBannerAdapter) -> onDismissScreen
    void onLeaveApplication(com.google.ads.mediation.MediationBannerAdapter) -> onLeaveApplication
    void onClick(com.google.ads.mediation.MediationBannerAdapter) -> onClick
com.google.ads.mediation.MediationInterstitialAdapter -> com.google.ads.mediation.MediationInterstitialAdapter:
    void requestInterstitialAd(com.google.ads.mediation.MediationInterstitialListener,android.app.Activity,com.google.ads.mediation.MediationServerParameters,com.google.ads.mediation.MediationAdRequest,com.google.ads.mediation.NetworkExtras) -> requestInterstitialAd
    void showInterstitial() -> showInterstitial