app/build/outputs/mapping/release/usage.txt
world.plus.manager.sns4.BuildConfig
world.plus.manager.sns4.R
world.plus.manager.sns4.R$array
world.plus.manager.sns4.R$attr
world.plus.manager.sns4.R$bool
world.plus.manager.sns4.R$color
world.plus.manager.sns4.R$dimen
world.plus.manager.sns4.R$drawable
world.plus.manager.sns4.R$id
world.plus.manager.sns4.R$integer
world.plus.manager.sns4.R$layout
world.plus.manager.sns4.R$menu
world.plus.manager.sns4.R$raw
world.plus.manager.sns4.R$string
world.plus.manager.sns4.R$style
world.plus.manager.sns4.R$styleable
world.plus.manager.sns4.R$xml
world.plus.manager.sns4.connect_sns.ConnectSNSFragment
world.plus.manager.sns4.connect_sns.GridAdapter
world.plus.manager.sns4.connect_sns.GridAdapter$1
world.plus.manager.sns4.main.DrawerListAdapter
world.plus.manager.sns4.main.MainActivity:
    private static final java.lang.String TAG
    private static final int REQUEST_CODE_RESOLVE_ERR
world.plus.manager.sns4.main.SMConstants:
    private static final int ONE_SECOND_MILLI
    private static final int ONE_MINUTES_MILLI
    public static final java.lang.String KEY_DRAFTED_TWITTER_VENUE_ID
    public static final java.lang.String KEY_DRAFTED_FACEBOOK_VENUE_ID
    public static final java.lang.String KEY_DRAFTED_FOURSQUARE_VENUE_ID
    public static final java.lang.String KEY_DRAFTED_LON
    public static final java.lang.String KEY_DRAFTED_LAT
    public static final java.lang.String KEY_IS_PROFILE_SHOWN
    public static final int POST_DELAY_TIME
    public static final int THREE_MINUTES
    public static final int TWITTER
    public static final int FACEBOOK
    public static final int GOOGLE_PLUS
    public static final int FOURSQUARE
    public static final int APPNET
    public static final int LINKEDIN
    public static final int WRITE_FRAGMENT
    public static final int CONNECT_SNS_FRAGMENT
    public static final int MANAGE_ACCOUNT_FRAGMENT
    public static final java.lang.String TWITTER_TEXT
    public static final java.lang.String FACEBOOK_TEXT
    public static final java.lang.String GOOGLE_PLUS_TEXT
    public static final java.lang.String FOURSQUARE_TEXT
    public static final java.lang.String APPNET_TEXT
    public static final java.lang.String LINKEDIN_TEXT
    public static final java.lang.String EXTRA_IMAGE_PATH
    public static final int FROM_CAMERA_ALBUM
    public static final java.lang.String PREF_NAME
world.plus.manager.sns4.main.SMConstants$Config
world.plus.manager.sns4.manage_account.ManageAccountFragment:
    120:121:public void onLogin()
    128:133:public void onError(int)
world.plus.manager.sns4.manage_account.OnGetPublishPermissionListener
world.plus.manager.sns4.manage_account.OnLoginListener:
    public abstract void onLogin()
world.plus.manager.sns4.util.CameraAlbumActivity:
    private static final int PICK_FROM_CAMERA
    private static final int PICK_FROM_ALBUM
    private static final java.lang.String TYPE_IMAGE
world.plus.manager.sns4.util.ClickGuard:
    12:12:public ClickGuard()
world.plus.manager.sns4.util.CustomToastManager
world.plus.manager.sns4.util.CustomToastManager$1
world.plus.manager.sns4.util.DpPixelConverter:
    11:11:public DpPixelConverter()
world.plus.manager.sns4.util.FacebookExtraRequest:
    private static final java.lang.String MY_FEED
    private static final java.lang.String MY_ALBUM
    private static final java.lang.String MY_PHOTOS
    15:15:public FacebookExtraRequest()
world.plus.manager.sns4.util.GuideDisplayer:
    17:17:public GuideDisplayer()
world.plus.manager.sns4.util.HttpUtils:
    15:15:public HttpUtils()
world.plus.manager.sns4.util.ImagePathFinder:
    8:8:public ImagePathFinder()
world.plus.manager.sns4.util.InternectConnectionDetector:
    15:15:public InternectConnectionDetector()
world.plus.manager.sns4.util.OnLoginErrorListener:
    public abstract void onError(int)
...
android.support.v4.text.TextDirectionHeuristicsCompat$TextDirectionAlgorithm
android.support.v4.text.TextDirectionHeuristicsCompat$TextDirectionHeuristicImpl
android.support.v4.text.TextDirectionHeuristicsCompat$TextDirectionHeuristicInternal
android.support.v4.text.TextDirectionHeuristicsCompat$TextDirectionHeuristicLocale
android.support.v4.text.TextUtilsCompat
android.support.v4.util.ArrayMap:
    61:62:public ArrayMap(int)
    68:69:public ArrayMap(android.support.v4.util.SimpleArrayMap)
    130:130:public boolean containsAll(java.util.Collection)
    151:151:public boolean removeAll(java.util.Collection)
android.support.v4.util.AtomicFile
android.support.v4.util.CircularArray
android.support.v4.util.ContainerHelpers:
    19:19:ContainerHelpers()
    29:29:public static int idealLongArraySize(int)
    65:80:static int binarySearch(long[],int,long)
android.support.v4.util.DebugUtils:
    25:25:public DebugUtils()
android.support.v4.util.LongSparseArray
android.support.v4.util.LruCache
android.support.v4.util.Pair
android.support.v4.util.Pools
android.support.v4.util.Pools$Pool
android.support.v4.util.Pools$SimplePool
android.support.v4.util.Pools$SynchronizedPool
android.support.v4.util.SimpleArrayMap:
    private static final boolean DEBUG
    private static final java.lang.String TAG
    private static final int BASE_SIZE
    private static final int CACHE_SIZE
    217:225:public SimpleArrayMap(int)
    231:235:public SimpleArrayMap(android.support.v4.util.SimpleArrayMap)
    429:442:public void putAll(android.support.v4.util.SimpleArrayMap)
android.support.v4.util.SparseArrayCompat:
    132:136:public void removeAtRange(int,int)
    263:268:public void setValueAt(int,java.lang.Object)
    294:302:public int indexOfValue(java.lang.Object)
    325:352:public void append(int,java.lang.Object)
android.support.v4.util.TimeUtils
android.support.v4.view.AccessibilityDelegateCompatIcs:
    28:30:AccessibilityDelegateCompatIcs()
android.support.v4.view.AccessibilityDelegateCompatJellyBean:
    30:32:AccessibilityDelegateCompatJellyBean()
android.support.v4.view.ActionProvider
android.support.v4.view.ActionProvider$SubUiVisibilityListener
android.support.v4.view.ActionProvider$VisibilityListener
android.support.v4.view.GestureDetectorCompat
android.support.v4.view.GestureDetectorCompat$GestureDetectorCompatImpl
android.support.v4.view.GestureDetectorCompat$GestureDetectorCompatImplBase
android.support.v4.view.GestureDetectorCompat$GestureDetectorCompatImplBase$GestureHandler
android.support.v4.view.GestureDetectorCompat$GestureDetectorCompatImplJellybeanMr2
android.support.v4.view.GravityCompat:
    public static final int RELATIVE_LAYOUT_DIRECTION
    public static final int START
    public static final int END
    public static final int RELATIVE_HORIZONTAL_GRAVITY_MASK
    27:62:public GravityCompat()
    132:133:public static void apply(int,int,int,android.graphics.Rect,android.graphics.Rect,int)
    162:163:public static void apply(int,int,int,android.graphics.Rect,int,int,android.graphics.Rect,int)
    186:187:public static void applyDisplay(int,android.graphics.Rect,android.graphics.Rect,int)
android.support.v4.view.GravityCompat$GravityCompatImpl:
    public abstract void apply(int,int,int,android.graphics.Rect,android.graphics.Rect,int)
    public abstract void apply(int,int,int,android.graphics.Rect,int,int,android.graphics.Rect,int)
    public abstract void applyDisplay(int,android.graphics.Rect,android.graphics.Rect,int)
android.support.v4.view.GravityCompat$GravityCompatImplBase:
    46:47:public void apply(int,int,int,android.graphics.Rect,android.graphics.Rect,int)
    52:53:public void apply(int,int,int,android.graphics.Rect,int,int,android.graphics.Rect,int)
    58:59:public void applyDisplay(int,android.graphics.Rect,android.graphics.Rect,int)